[15:03:57] INFO     FL-Plan hash is c1471bae998dc8760b6bf99487860e0433d757c5fedfbe58480f36043103c1c241f96ec89660b496d40fa34f35e5157b                 plan.py:237
           INFO     Parsing Federated Learning Plan : SUCCESS : /home/idavidyu/connecting_col/plan/plan.yaml.                                        plan.py:144
           INFO     aggregator:                                                                                                                      plan.py:148
                      settings:                                                                                                                                 
                        best_state_path: save/keras_cnn_mnist_best.pbuf                                                                                         
                        db_store_rounds: 2                                                                                                                      
                        init_state_path: save/keras_cnn_mnist_init.pbuf                                                                                         
                        last_state_path: save/keras_cnn_mnist_last.pbuf                                                                                         
                        rounds_to_train: 10                                                                                                                     
                        write_logs: true                                                                                                                        
                      template: openfl.component.Aggregator                                                                                                     
                    assigner:                                                                                                                                   
                      settings:                                                                                                                                 
                        task_groups:                                                                                                                            
                        - name: train_and_validate                                                                                                              
                          percentage: 1.0                                                                                                                       
                          tasks:                                                                                                                                
                          - aggregated_model_validation                                                                                                         
                          - train                                                                                                                               
                          - locally_tuned_model_validation                                                                                                      
                      template: openfl.component.RandomGroupedAssigner                                                                                          
                    collaborator:                                                                                                                               
                      settings:                                                                                                                                 
                        db_store_rounds: 1                                                                                                                      
                        delta_updates: true                                                                                                                     
                        opt_treatment: RESET                                                                                                                    
                      template: openfl.component.Collaborator                                                                                                   
                    compression_pipeline:                                                                                                                       
                      settings: {}                                                                                                                              
                      template: openfl.pipelines.NoCompressionPipeline                                                                                          
                    data_loader:                                                                                                                                
                      settings:                                                                                                                                 
                        batch_size: 128                                                                                                                         
                        collaborator_count: 3                                                                                                                   
                        data_group_name: mnist                                                                                                                  
                      template: src.tfmnist_inmemory.TensorFlowMNISTInMemory                                                                                    
                    network:                                                                                                                                    
                      settings:                                                                                                                                 
                        agg_addr: localhost                                                                                                                     
                        agg_port: 54879                                                                                                                         
                        cert_folder: cert                                                                                                                       
                        client_reconnect_interval: 5                                                                                                            
                        disable_client_auth: false                                                                                                              
                        hash_salt: auto                                                                                                                         
                        tls: true                                                                                                                               
                      template: openfl.federation.Network                                                                                                       
                    straggler_handling_policy:                                                                                                                  
                      settings:                                                                                                                                 
                        minimum_reporting: 1                                                                                                                    
                        percent_collaborators_needed: 0.5                                                                                                       
                      template: openfl.component.straggler_handling_functions.PercentageBasedStragglerHandling                                                  
                    task_runner:                                                                                                                                
                      settings: {}                                                                                                                              
                      template: src.keras_cnn.KerasCNN                                                                                                          
                    tasks:                                                                                                                                      
                      aggregated_model_validation:                                                                                                              
                        function: validate                                                                                                                      
                        kwargs:                                                                                                                                 
                          apply: global                                                                                                                         
                          batch_size: 32                                                                                                                        
                          metrics:                                                                                                                              
                          - accuracy                                                                                                                            
                      locally_tuned_model_validation:                                                                                                           
                        function: validate                                                                                                                      
                        kwargs:                                                                                                                                 
                          apply: local                                                                                                                          
                          batch_size: 32                                                                                                                        
                          metrics:                                                                                                                              
                          - accuracy                                                                                                                            
                      settings: {}                                                                                                                              
                      train:                                                                                                                                    
                        function: train                                                                                                                         
                        kwargs:                                                                                                                                 
                          batch_size: 32                                                                                                                        
                          epochs: 1                                                                                                                             
                          metrics:                                                                                                                              
                          - loss                                                                                                                                
                                                                                                                                                                
{'one': '1'}
           INFO     Building 🡆 Object TensorFlowMNISTInMemory from src.tfmnist_inmemory Module.                                                      plan.py:173
[15:03:58] INFO     MNIST > X_train Shape : (20000, 28, 28, 1)                                                                                mnist_utils.py:108
           INFO     MNIST > y_train Shape : (20000,)                                                                                          mnist_utils.py:109
           INFO     MNIST > Train Samples : 20000                                                                                             mnist_utils.py:110
           INFO     MNIST > Valid Samples : 3333                                                                                              mnist_utils.py:111
           INFO     Building 🡆 Object KerasCNN from src.keras_cnn Module.                                                                            plan.py:173
           INFO     Model: "sequential"                                                                                                       layer_utils.py:224
           INFO     _________________________________________________________________                                                         layer_utils.py:225
           INFO      Layer (type)                Output Shape              Param #                                                            layer_utils.py:222
           INFO     =================================================================                                                         layer_utils.py:227
           INFO      conv2d (Conv2D)             (None, 13, 13, 16)        272                                                                layer_utils.py:222
           INFO                                                                                                                               layer_utils.py:305
           INFO      conv2d_1 (Conv2D)           (None, 5, 5, 32)          8224                                                               layer_utils.py:222
           INFO                                                                                                                               layer_utils.py:305
           INFO      flatten (Flatten)           (None, 800)               0                                                                  layer_utils.py:222
           INFO                                                                                                                               layer_utils.py:305
           INFO      dense (Dense)               (None, 100)               80100                                                              layer_utils.py:222
           INFO                                                                                                                               layer_utils.py:305
           INFO      dense_1 (Dense)             (None, 10)                1010                                                               layer_utils.py:222
           INFO                                                                                                                               layer_utils.py:305
           INFO     =================================================================                                                         layer_utils.py:311
           INFO     Total params: 89,606                                                                                                      layer_utils.py:320
           INFO     Trainable params: 89,606                                                                                                  layer_utils.py:321
           INFO     Non-trainable params: 0                                                                                                   layer_utils.py:322
           INFO     _________________________________________________________________                                                         layer_utils.py:323
           INFO     Train Set Size : 20000                                                                                                       keras_cnn.py:37
           INFO     Valid Set Size : 3333                                                                                                        keras_cnn.py:38
           INFO     Building 🡆 Object NoCompressionPipeline from openfl.pipelines Module.                                                            plan.py:173
           WARNING  Following parameters omitted from global initial model, local initialization will determine values: []                            plan.py:93
           INFO     Creating Initial Weights File    🠆 save/keras_cnn_mnist_init.pbuf                                                                plan.py:101
           WARNING  Patching Aggregator Addr in Plan 🠆 localhost                                                                                     plan.py:111
           INFO     FL-Plan hash is c1471bae998dc8760b6bf99487860e0433d757c5fedfbe58480f36043103c1c241f96ec89660b496d40fa34f35e5157b                 plan.py:237
           INFO     ['plan_c1471bae']                                                                                                                plan.py:122

 ✔️ OK
